<?xml version="1.0" encoding="UTF-8"?>
<!-- Generated by org.testng.reporters.JUnitXMLReporter -->
<testsuite ignored="0" hostname="MacBook-Air.local" failures="3" tests="3" name="SafariTest" time="13.121" errors="0" timestamp="2024-01-02T22:30:17 IST">
  <testcase classname="com.sevenrmartsupermarket.tests.PushNotificationsTest" name="verifyResetPushNotification" time="0.756">
    <failure type="org.openqa.selenium.NoSuchFrameException" message="Build info: version: &amp;apos;4.13.0&amp;apos;, revision: &amp;apos;ba948ece5b*&amp;apos;
System info: os.name: &amp;apos;Mac OS X&amp;apos;, os.arch: &amp;apos;x86_64&amp;apos;, os.version: &amp;apos;14.2.1&amp;apos;, java.version: &amp;apos;17.0.8.1&amp;apos;
Driver info: org.openqa.selenium.safari.SafariDriver
Command: [3171B777-F1C9-4C06-A9BB-E2B42C6FABD4, findElement {using=xpath, value=//a[@class=&amp;apos; nav-link&amp;apos;]//p[contains(text(),&amp;apos;Push Notifications&amp;apos;)]}]
Capabilities {acceptInsecureCerts: false, browserName: Safari, browserVersion: 17.2.1, platformName: mac, safari:automaticInspection: false, safari:automaticProfiling: false, safari:diagnose: false, safari:platformBuildVersion: 23C71, safari:platformVersion: 14.2.1, safari:useSimulator: false, setWindowRect: true, strictFileInteractability: false, webkit:WebRTC: {DisableICECandidateFiltering: false, DisableInsecureMediaCapture: false}}
Session ID: 3171B777-F1C9-4C06-A9BB-E2B42C6FABD4">
      <![CDATA[org.openqa.selenium.NoSuchFrameException: Build info: version: '4.13.0', revision: 'ba948ece5b*'
System info: os.name: 'Mac OS X', os.arch: 'x86_64', os.version: '14.2.1', java.version: '17.0.8.1'
Driver info: org.openqa.selenium.safari.SafariDriver
Command: [3171B777-F1C9-4C06-A9BB-E2B42C6FABD4, findElement {using=xpath, value=//a[@class=' nav-link']//p[contains(text(),'Push Notifications')]}]
Capabilities {acceptInsecureCerts: false, browserName: Safari, browserVersion: 17.2.1, platformName: mac, safari:automaticInspection: false, safari:automaticProfiling: false, safari:diagnose: false, safari:platformBuildVersion: 23C71, safari:platformVersion: 14.2.1, safari:useSimulator: false, setWindowRect: true, strictFileInteractability: false, webkit:WebRTC: {DisableICECandidateFiltering: false, DisableInsecureMediaCapture: false}}
Session ID: 3171B777-F1C9-4C06-A9BB-E2B42C6FABD4
at org.openqa.selenium.remote.codec.w3c.W3CHttpResponseCodec.createException(W3CHttpResponseCodec.java:200)
at org.openqa.selenium.remote.codec.w3c.W3CHttpResponseCodec.decode(W3CHttpResponseCodec.java:133)
at org.openqa.selenium.remote.codec.w3c.W3CHttpResponseCodec.decode(W3CHttpResponseCodec.java:52)
at org.openqa.selenium.remote.HttpCommandExecutor.execute(HttpCommandExecutor.java:191)
at org.openqa.selenium.remote.service.DriverCommandExecutor.invokeExecute(DriverCommandExecutor.java:196)
at org.openqa.selenium.remote.service.DriverCommandExecutor.execute(DriverCommandExecutor.java:171)
at org.openqa.selenium.remote.RemoteWebDriver.execute(RemoteWebDriver.java:602)
at org.openqa.selenium.remote.ElementLocation$ElementFinder$2.findElement(ElementLocation.java:165)
at org.openqa.selenium.remote.ElementLocation.findElement(ElementLocation.java:59)
at org.openqa.selenium.remote.RemoteWebDriver.findElement(RemoteWebDriver.java:359)
at org.openqa.selenium.remote.RemoteWebDriver.findElement(RemoteWebDriver.java:353)
at org.openqa.selenium.support.pagefactory.DefaultElementLocator.findElement(DefaultElementLocator.java:68)
at org.openqa.selenium.support.pagefactory.internal.LocatingElementHandler.invoke(LocatingElementHandler.java:38)
at jdk.proxy2/jdk.proxy2.$Proxy16.click(Unknown Source)
at com.sevenrmartsupermarket.pages.PushNotificationsPage.clickOnPushNoyification(PushNotificationsPage.java:41)
at com.sevenrmartsupermarket.pages.PushNotificationsPage.launchPushNotification(PushNotificationsPage.java:37)
at com.sevenrmartsupermarket.tests.PushNotificationsTest.verifyResetPushNotification(PushNotificationsTest.java:34)
at java.base/java.util.ArrayList.forEach(ArrayList.java:1511)
at java.base/java.util.concurrent.FutureTask.run(FutureTask.java:264)
at java.base/java.util.concurrent.ThreadPoolExecutor.runWorker(ThreadPoolExecutor.java:1136)
at java.base/java.util.concurrent.ThreadPoolExecutor$Worker.run(ThreadPoolExecutor.java:635)
at java.base/java.lang.Thread.run(Thread.java:833)
... Removed 22 stack frames]]>
    </failure>
  </testcase> <!-- verifyResetPushNotification -->
  <testcase classname="com.sevenrmartsupermarket.tests.PushNotificationsTest" name="verifyResetPushNotificationValueEntered" time="0.321">
    <failure type="org.openqa.selenium.NoSuchFrameException" message="Build info: version: &amp;apos;4.13.0&amp;apos;, revision: &amp;apos;ba948ece5b*&amp;apos;
System info: os.name: &amp;apos;Mac OS X&amp;apos;, os.arch: &amp;apos;x86_64&amp;apos;, os.version: &amp;apos;14.2.1&amp;apos;, java.version: &amp;apos;17.0.8.1&amp;apos;
Driver info: org.openqa.selenium.safari.SafariDriver
Command: [AB01924A-7D19-4AF1-9F90-AEB38B8D51D8, findElement {using=xpath, value=//a[@class=&amp;apos; nav-link&amp;apos;]//p[contains(text(),&amp;apos;Push Notifications&amp;apos;)]}]
Capabilities {acceptInsecureCerts: false, browserName: Safari, browserVersion: 17.2.1, platformName: mac, safari:automaticInspection: false, safari:automaticProfiling: false, safari:diagnose: false, safari:platformBuildVersion: 23C71, safari:platformVersion: 14.2.1, safari:useSimulator: false, setWindowRect: true, strictFileInteractability: false, webkit:WebRTC: {DisableICECandidateFiltering: false, DisableInsecureMediaCapture: false}}
Session ID: AB01924A-7D19-4AF1-9F90-AEB38B8D51D8">
      <![CDATA[org.openqa.selenium.NoSuchFrameException: Build info: version: '4.13.0', revision: 'ba948ece5b*'
System info: os.name: 'Mac OS X', os.arch: 'x86_64', os.version: '14.2.1', java.version: '17.0.8.1'
Driver info: org.openqa.selenium.safari.SafariDriver
Command: [AB01924A-7D19-4AF1-9F90-AEB38B8D51D8, findElement {using=xpath, value=//a[@class=' nav-link']//p[contains(text(),'Push Notifications')]}]
Capabilities {acceptInsecureCerts: false, browserName: Safari, browserVersion: 17.2.1, platformName: mac, safari:automaticInspection: false, safari:automaticProfiling: false, safari:diagnose: false, safari:platformBuildVersion: 23C71, safari:platformVersion: 14.2.1, safari:useSimulator: false, setWindowRect: true, strictFileInteractability: false, webkit:WebRTC: {DisableICECandidateFiltering: false, DisableInsecureMediaCapture: false}}
Session ID: AB01924A-7D19-4AF1-9F90-AEB38B8D51D8
at org.openqa.selenium.remote.codec.w3c.W3CHttpResponseCodec.createException(W3CHttpResponseCodec.java:200)
at org.openqa.selenium.remote.codec.w3c.W3CHttpResponseCodec.decode(W3CHttpResponseCodec.java:133)
at org.openqa.selenium.remote.codec.w3c.W3CHttpResponseCodec.decode(W3CHttpResponseCodec.java:52)
at org.openqa.selenium.remote.HttpCommandExecutor.execute(HttpCommandExecutor.java:191)
at org.openqa.selenium.remote.service.DriverCommandExecutor.invokeExecute(DriverCommandExecutor.java:196)
at org.openqa.selenium.remote.service.DriverCommandExecutor.execute(DriverCommandExecutor.java:171)
at org.openqa.selenium.remote.RemoteWebDriver.execute(RemoteWebDriver.java:602)
at org.openqa.selenium.remote.ElementLocation$ElementFinder$2.findElement(ElementLocation.java:165)
at org.openqa.selenium.remote.ElementLocation.findElement(ElementLocation.java:59)
at org.openqa.selenium.remote.RemoteWebDriver.findElement(RemoteWebDriver.java:359)
at org.openqa.selenium.remote.RemoteWebDriver.findElement(RemoteWebDriver.java:353)
at org.openqa.selenium.support.pagefactory.DefaultElementLocator.findElement(DefaultElementLocator.java:68)
at org.openqa.selenium.support.pagefactory.internal.LocatingElementHandler.invoke(LocatingElementHandler.java:38)
at jdk.proxy2/jdk.proxy2.$Proxy16.click(Unknown Source)
at com.sevenrmartsupermarket.pages.PushNotificationsPage.clickOnPushNoyification(PushNotificationsPage.java:41)
at com.sevenrmartsupermarket.pages.PushNotificationsPage.launchPushNotification(PushNotificationsPage.java:37)
at com.sevenrmartsupermarket.tests.PushNotificationsTest.verifyResetPushNotificationValueEntered(PushNotificationsTest.java:43)
at java.base/java.util.ArrayList.forEach(ArrayList.java:1511)
at java.base/java.util.concurrent.FutureTask.run(FutureTask.java:264)
at java.base/java.util.concurrent.ThreadPoolExecutor.runWorker(ThreadPoolExecutor.java:1136)
at java.base/java.util.concurrent.ThreadPoolExecutor$Worker.run(ThreadPoolExecutor.java:635)
at java.base/java.lang.Thread.run(Thread.java:833)
... Removed 22 stack frames]]>
    </failure>
  </testcase> <!-- verifyResetPushNotificationValueEntered -->
  <testcase classname="com.sevenrmartsupermarket.tests.PushNotificationsTest" name="verifySubmitPushNotification" time="0.357">
    <failure type="org.openqa.selenium.NoSuchFrameException" message="Build info: version: &amp;apos;4.13.0&amp;apos;, revision: &amp;apos;ba948ece5b*&amp;apos;
System info: os.name: &amp;apos;Mac OS X&amp;apos;, os.arch: &amp;apos;x86_64&amp;apos;, os.version: &amp;apos;14.2.1&amp;apos;, java.version: &amp;apos;17.0.8.1&amp;apos;
Driver info: org.openqa.selenium.safari.SafariDriver
Command: [19FC3522-360D-4189-A728-94E44D987740, findElement {using=xpath, value=//a[@class=&amp;apos; nav-link&amp;apos;]//p[contains(text(),&amp;apos;Push Notifications&amp;apos;)]}]
Capabilities {acceptInsecureCerts: false, browserName: Safari, browserVersion: 17.2.1, platformName: mac, safari:automaticInspection: false, safari:automaticProfiling: false, safari:diagnose: false, safari:platformBuildVersion: 23C71, safari:platformVersion: 14.2.1, safari:useSimulator: false, setWindowRect: true, strictFileInteractability: false, webkit:WebRTC: {DisableICECandidateFiltering: false, DisableInsecureMediaCapture: false}}
Session ID: 19FC3522-360D-4189-A728-94E44D987740">
      <![CDATA[org.openqa.selenium.NoSuchFrameException: Build info: version: '4.13.0', revision: 'ba948ece5b*'
System info: os.name: 'Mac OS X', os.arch: 'x86_64', os.version: '14.2.1', java.version: '17.0.8.1'
Driver info: org.openqa.selenium.safari.SafariDriver
Command: [19FC3522-360D-4189-A728-94E44D987740, findElement {using=xpath, value=//a[@class=' nav-link']//p[contains(text(),'Push Notifications')]}]
Capabilities {acceptInsecureCerts: false, browserName: Safari, browserVersion: 17.2.1, platformName: mac, safari:automaticInspection: false, safari:automaticProfiling: false, safari:diagnose: false, safari:platformBuildVersion: 23C71, safari:platformVersion: 14.2.1, safari:useSimulator: false, setWindowRect: true, strictFileInteractability: false, webkit:WebRTC: {DisableICECandidateFiltering: false, DisableInsecureMediaCapture: false}}
Session ID: 19FC3522-360D-4189-A728-94E44D987740
at org.openqa.selenium.remote.codec.w3c.W3CHttpResponseCodec.createException(W3CHttpResponseCodec.java:200)
at org.openqa.selenium.remote.codec.w3c.W3CHttpResponseCodec.decode(W3CHttpResponseCodec.java:133)
at org.openqa.selenium.remote.codec.w3c.W3CHttpResponseCodec.decode(W3CHttpResponseCodec.java:52)
at org.openqa.selenium.remote.HttpCommandExecutor.execute(HttpCommandExecutor.java:191)
at org.openqa.selenium.remote.service.DriverCommandExecutor.invokeExecute(DriverCommandExecutor.java:196)
at org.openqa.selenium.remote.service.DriverCommandExecutor.execute(DriverCommandExecutor.java:171)
at org.openqa.selenium.remote.RemoteWebDriver.execute(RemoteWebDriver.java:602)
at org.openqa.selenium.remote.ElementLocation$ElementFinder$2.findElement(ElementLocation.java:165)
at org.openqa.selenium.remote.ElementLocation.findElement(ElementLocation.java:59)
at org.openqa.selenium.remote.RemoteWebDriver.findElement(RemoteWebDriver.java:359)
at org.openqa.selenium.remote.RemoteWebDriver.findElement(RemoteWebDriver.java:353)
at org.openqa.selenium.support.pagefactory.DefaultElementLocator.findElement(DefaultElementLocator.java:68)
at org.openqa.selenium.support.pagefactory.internal.LocatingElementHandler.invoke(LocatingElementHandler.java:38)
at jdk.proxy2/jdk.proxy2.$Proxy16.click(Unknown Source)
at com.sevenrmartsupermarket.pages.PushNotificationsPage.clickOnPushNoyification(PushNotificationsPage.java:41)
at com.sevenrmartsupermarket.pages.PushNotificationsPage.launchPushNotification(PushNotificationsPage.java:37)
at com.sevenrmartsupermarket.tests.PushNotificationsTest.verifySubmitPushNotification(PushNotificationsTest.java:21)
at java.base/java.util.ArrayList.forEach(ArrayList.java:1511)
at java.base/java.util.concurrent.FutureTask.run(FutureTask.java:264)
at java.base/java.util.concurrent.ThreadPoolExecutor.runWorker(ThreadPoolExecutor.java:1136)
at java.base/java.util.concurrent.ThreadPoolExecutor$Worker.run(ThreadPoolExecutor.java:635)
at java.base/java.lang.Thread.run(Thread.java:833)
... Removed 22 stack frames]]>
    </failure>
  </testcase> <!-- verifySubmitPushNotification -->
</testsuite> <!-- SafariTest -->
